Release 14.7 - xst P.20131013 (nt64)
Copyright (c) 1995-2013 Xilinx, Inc.  All rights reserved.
--> Parameter TMPDIR set to xst/projnav.tmp


Total REAL time to Xst completion: 0.00 secs
Total CPU time to Xst completion: 0.15 secs
 
--> Parameter xsthdpdir set to xst


Total REAL time to Xst completion: 0.00 secs
Total CPU time to Xst completion: 0.15 secs
 
--> Reading design: code.prj

TABLE OF CONTENTS
  1) Synthesis Options Summary
  2) HDL Parsing
  3) HDL Elaboration
  4) HDL Synthesis
       4.1) HDL Synthesis Report
  5) Advanced HDL Synthesis
       5.1) Advanced HDL Synthesis Report
  6) Low Level Synthesis
  7) Partition Report
  8) Design Summary
       8.1) Primitive and Black Box Usage
       8.2) Device utilization summary
       8.3) Partition Resource Summary
       8.4) Timing Report
            8.4.1) Clock Information
            8.4.2) Asynchronous Control Signals Information
            8.4.3) Timing Summary
            8.4.4) Timing Details
            8.4.5) Cross Clock Domains Report


=========================================================================
*                      Synthesis Options Summary                        *
=========================================================================
---- Source Parameters
Input File Name                    : "code.prj"
Ignore Synthesis Constraint File   : NO

---- Target Parameters
Output File Name                   : "code"
Output Format                      : NGC
Target Device                      : xc7a100t-3-csg324

---- Source Options
Top Module Name                    : code
Automatic FSM Extraction           : YES
FSM Encoding Algorithm             : Auto
Safe Implementation                : No
FSM Style                          : LUT
RAM Extraction                     : Yes
RAM Style                          : Auto
ROM Extraction                     : Yes
Shift Register Extraction          : YES
ROM Style                          : Auto
Resource Sharing                   : YES
Asynchronous To Synchronous        : NO
Shift Register Minimum Size        : 2
Use DSP Block                      : Auto
Automatic Register Balancing       : No

---- Target Options
LUT Combining                      : Auto
Reduce Control Sets                : Auto
Add IO Buffers                     : YES
Global Maximum Fanout              : 100000
Add Generic Clock Buffer(BUFG)     : 32
Register Duplication               : YES
Optimize Instantiated Primitives   : NO
Use Clock Enable                   : Auto
Use Synchronous Set                : Auto
Use Synchronous Reset              : Auto
Pack IO Registers into IOBs        : Auto
Equivalent register Removal        : YES

---- General Options
Optimization Goal                  : Speed
Optimization Effort                : 1
Power Reduction                    : NO
Keep Hierarchy                     : No
Netlist Hierarchy                  : As_Optimized
RTL Output                         : Yes
Global Optimization                : AllClockNets
Read Cores                         : YES
Write Timing Constraints           : NO
Cross Clock Analysis               : NO
Hierarchy Separator                : /
Bus Delimiter                      : <>
Case Specifier                     : Maintain
Slice Utilization Ratio            : 100
BRAM Utilization Ratio             : 100
DSP48 Utilization Ratio            : 100
Auto BRAM Packing                  : NO
Slice Utilization Ratio Delta      : 5

=========================================================================


=========================================================================
*                          HDL Parsing                                  *
=========================================================================
Analyzing Verilog file "C:\Users\lyt\Documents\project\co\p-2\code\code.v" into library work
Parsing module <code>.

=========================================================================
*                            HDL Elaboration                            *
=========================================================================

Elaborating module <code>.

=========================================================================
*                           HDL Synthesis                               *
=========================================================================

Synthesizing Unit <code>.
    Related source file is "C:\Users\lyt\Documents\project\co\p-2\code\code.v".
    Found 64-bit register for signal <Output1>.
    Found 2-bit register for signal <ti1>.
    Found 64-bit register for signal <Output0>.
    Found 64-bit adder for signal <cnt0[63]_GND_1_o_add_3_OUT> created at line 55.
    Found 2-bit adder for signal <ti1[1]_GND_1_o_add_4_OUT> created at line 59.
    Found 64-bit adder for signal <cnt1[63]_GND_1_o_add_6_OUT> created at line 61.
    Summary:
	inferred   3 Adder/Subtractor(s).
	inferred 130 D-type flip-flop(s).
Unit <code> synthesized.

=========================================================================
HDL Synthesis Report

Macro Statistics
# Adders/Subtractors                                   : 3
 2-bit adder                                           : 1
 64-bit adder                                          : 2
# Registers                                            : 3
 2-bit register                                        : 1
 64-bit register                                       : 2

=========================================================================

=========================================================================
*                       Advanced HDL Synthesis                          *
=========================================================================


Synthesizing (advanced) Unit <code>.
The following registers are absorbed into counter <ti1>: 1 register on signal <ti1>.
The following registers are absorbed into counter <cnt1>: 1 register on signal <cnt1>.
The following registers are absorbed into counter <cnt0>: 1 register on signal <cnt0>.
Unit <code> synthesized (advanced).

=========================================================================
Advanced HDL Synthesis Report

Macro Statistics
# Counters                                             : 3
 2-bit up counter                                      : 1
 64-bit up counter                                     : 2

=========================================================================

=========================================================================
*                         Low Level Synthesis                           *
=========================================================================

Optimizing unit <code> ...

Mapping all equations...
Building and optimizing final netlist ...
Found area constraint ratio of 100 (+ 5) on block code, actual ratio is 0.

Final Macro Processing ...

=========================================================================
Final Register Report

Macro Statistics
# Registers                                            : 130
 Flip-Flops                                            : 130

=========================================================================

=========================================================================
*                           Partition Report                            *
=========================================================================

Partition Implementation Status
-------------------------------

  No Partitions were found in this design.

-------------------------------

=========================================================================
*                            Design Summary                             *
=========================================================================

Top Level Output File Name         : code.ngc

Primitive and Black Box Usage:
------------------------------
# BELS                             : 389
#      GND                         : 1
#      INV                         : 3
#      LUT1                        : 126
#      LUT2                        : 3
#      LUT4                        : 1
#      MUXCY                       : 126
#      VCC                         : 1
#      XORCY                       : 128
# FlipFlops/Latches                : 130
#      FDRE                        : 130
# Clock Buffers                    : 1
#      BUFGP                       : 1
# IO Buffers                       : 131
#      IBUF                        : 3
#      OBUF                        : 128

Device utilization summary:
---------------------------

Selected Device : 7a100tcsg324-3 


Slice Logic Utilization: 
 Number of Slice Registers:             130  out of  126800     0%  
 Number of Slice LUTs:                  133  out of  63400     0%  
    Number used as Logic:               133  out of  63400     0%  

Slice Logic Distribution: 
 Number of LUT Flip Flop pairs used:    133
   Number with an unused Flip Flop:       3  out of    133     2%  
   Number with an unused LUT:             0  out of    133     0%  
   Number of fully used LUT-FF pairs:   130  out of    133    97%  
   Number of unique control sets:         3

IO Utilization: 
 Number of IOs:                         132
 Number of bonded IOBs:                 132  out of    210    62%  

Specific Feature Utilization:
 Number of BUFG/BUFGCTRLs:                1  out of     32     3%  

---------------------------
Partition Resource Summary:
---------------------------

  No Partitions were found in this design.

---------------------------


=========================================================================
Timing Report

NOTE: THESE TIMING NUMBERS ARE ONLY A SYNTHESIS ESTIMATE.
      FOR ACCURATE TIMING INFORMATION PLEASE REFER TO THE TRACE REPORT
      GENERATED AFTER PLACE-and-ROUTE.

Clock Information:
------------------
-----------------------------------+------------------------+-------+
Clock Signal                       | Clock buffer(FF name)  | Load  |
-----------------------------------+------------------------+-------+
Clk                                | BUFGP                  | 130   |
-----------------------------------+------------------------+-------+

Asynchronous Control Signals Information:
----------------------------------------
No asynchronous control signals found in this design

Timing Summary:
---------------
Speed Grade: -3

   Minimum period: 2.914ns (Maximum Frequency: 343.112MHz)
   Minimum input arrival time before clock: 1.105ns
   Maximum output required time after clock: 0.645ns
   Maximum combinational path delay: No path found

Timing Details:
---------------
All values displayed in nanoseconds (ns)

=========================================================================
Timing constraint: Default period analysis for Clock 'Clk'
  Clock period: 2.914ns (frequency: 343.112MHz)
  Total number of paths / destination ports: 4291 / 194
-------------------------------------------------------------------------
Delay:               2.914ns (Levels of Logic = 65)
  Source:            cnt0_0 (FF)
  Destination:       cnt0_63 (FF)
  Source Clock:      Clk rising
  Destination Clock: Clk rising

  Data Path: cnt0_0 to cnt0_63
                                Gate     Net
    Cell:in->out      fanout   Delay   Delay  Logical Name (Net Name)
    ----------------------------------------  ------------
     FDRE:C->Q             2   0.361   0.283  cnt0_0 (cnt0_0)
     INV:I->O              1   0.113   0.000  Mcount_cnt0_lut<0>_INV_0 (Mcount_cnt0_lut<0>)
     MUXCY:S->O            1   0.353   0.000  Mcount_cnt0_cy<0> (Mcount_cnt0_cy<0>)
     MUXCY:CI->O           1   0.023   0.000  Mcount_cnt0_cy<1> (Mcount_cnt0_cy<1>)
     MUXCY:CI->O           1   0.023   0.000  Mcount_cnt0_cy<2> (Mcount_cnt0_cy<2>)
     MUXCY:CI->O           1   0.023   0.000  Mcount_cnt0_cy<3> (Mcount_cnt0_cy<3>)
     MUXCY:CI->O           1   0.023   0.000  Mcount_cnt0_cy<4> (Mcount_cnt0_cy<4>)
     MUXCY:CI->O           1   0.023   0.000  Mcount_cnt0_cy<5> (Mcount_cnt0_cy<5>)
     MUXCY:CI->O           1   0.023   0.000  Mcount_cnt0_cy<6> (Mcount_cnt0_cy<6>)
     MUXCY:CI->O           1   0.023   0.000  Mcount_cnt0_cy<7> (Mcount_cnt0_cy<7>)
     MUXCY:CI->O           1   0.023   0.000  Mcount_cnt0_cy<8> (Mcount_cnt0_cy<8>)
     MUXCY:CI->O           1   0.023   0.000  Mcount_cnt0_cy<9> (Mcount_cnt0_cy<9>)
     MUXCY:CI->O           1   0.023   0.000  Mcount_cnt0_cy<10> (Mcount_cnt0_cy<10>)
     MUXCY:CI->O           1   0.023   0.000  Mcount_cnt0_cy<11> (Mcount_cnt0_cy<11>)
     MUXCY:CI->O           1   0.023   0.000  Mcount_cnt0_cy<12> (Mcount_cnt0_cy<12>)
     MUXCY:CI->O           1   0.023   0.000  Mcount_cnt0_cy<13> (Mcount_cnt0_cy<13>)
     MUXCY:CI->O           1   0.023   0.000  Mcount_cnt0_cy<14> (Mcount_cnt0_cy<14>)
     MUXCY:CI->O           1   0.023   0.000  Mcount_cnt0_cy<15> (Mcount_cnt0_cy<15>)
     MUXCY:CI->O           1   0.023   0.000  Mcount_cnt0_cy<16> (Mcount_cnt0_cy<16>)
     MUXCY:CI->O           1   0.023   0.000  Mcount_cnt0_cy<17> (Mcount_cnt0_cy<17>)
     MUXCY:CI->O           1   0.023   0.000  Mcount_cnt0_cy<18> (Mcount_cnt0_cy<18>)
     MUXCY:CI->O           1   0.023   0.000  Mcount_cnt0_cy<19> (Mcount_cnt0_cy<19>)
     MUXCY:CI->O           1   0.023   0.000  Mcount_cnt0_cy<20> (Mcount_cnt0_cy<20>)
     MUXCY:CI->O           1   0.023   0.000  Mcount_cnt0_cy<21> (Mcount_cnt0_cy<21>)
     MUXCY:CI->O           1   0.023   0.000  Mcount_cnt0_cy<22> (Mcount_cnt0_cy<22>)
     MUXCY:CI->O           1   0.023   0.000  Mcount_cnt0_cy<23> (Mcount_cnt0_cy<23>)
     MUXCY:CI->O           1   0.023   0.000  Mcount_cnt0_cy<24> (Mcount_cnt0_cy<24>)
     MUXCY:CI->O           1   0.023   0.000  Mcount_cnt0_cy<25> (Mcount_cnt0_cy<25>)
     MUXCY:CI->O           1   0.023   0.000  Mcount_cnt0_cy<26> (Mcount_cnt0_cy<26>)
     MUXCY:CI->O           1   0.023   0.000  Mcount_cnt0_cy<27> (Mcount_cnt0_cy<27>)
     MUXCY:CI->O           1   0.023   0.000  Mcount_cnt0_cy<28> (Mcount_cnt0_cy<28>)
     MUXCY:CI->O           1   0.023   0.000  Mcount_cnt0_cy<29> (Mcount_cnt0_cy<29>)
     MUXCY:CI->O           1   0.023   0.000  Mcount_cnt0_cy<30> (Mcount_cnt0_cy<30>)
     MUXCY:CI->O           1   0.023   0.000  Mcount_cnt0_cy<31> (Mcount_cnt0_cy<31>)
     MUXCY:CI->O           1   0.023   0.000  Mcount_cnt0_cy<32> (Mcount_cnt0_cy<32>)
     MUXCY:CI->O           1   0.023   0.000  Mcount_cnt0_cy<33> (Mcount_cnt0_cy<33>)
     MUXCY:CI->O           1   0.023   0.000  Mcount_cnt0_cy<34> (Mcount_cnt0_cy<34>)
     MUXCY:CI->O           1   0.023   0.000  Mcount_cnt0_cy<35> (Mcount_cnt0_cy<35>)
     MUXCY:CI->O           1   0.023   0.000  Mcount_cnt0_cy<36> (Mcount_cnt0_cy<36>)
     MUXCY:CI->O           1   0.023   0.000  Mcount_cnt0_cy<37> (Mcount_cnt0_cy<37>)
     MUXCY:CI->O           1   0.023   0.000  Mcount_cnt0_cy<38> (Mcount_cnt0_cy<38>)
     MUXCY:CI->O           1   0.023   0.000  Mcount_cnt0_cy<39> (Mcount_cnt0_cy<39>)
     MUXCY:CI->O           1   0.023   0.000  Mcount_cnt0_cy<40> (Mcount_cnt0_cy<40>)
     MUXCY:CI->O           1   0.023   0.000  Mcount_cnt0_cy<41> (Mcount_cnt0_cy<41>)
     MUXCY:CI->O           1   0.023   0.000  Mcount_cnt0_cy<42> (Mcount_cnt0_cy<42>)
     MUXCY:CI->O           1   0.023   0.000  Mcount_cnt0_cy<43> (Mcount_cnt0_cy<43>)
     MUXCY:CI->O           1   0.023   0.000  Mcount_cnt0_cy<44> (Mcount_cnt0_cy<44>)
     MUXCY:CI->O           1   0.023   0.000  Mcount_cnt0_cy<45> (Mcount_cnt0_cy<45>)
     MUXCY:CI->O           1   0.023   0.000  Mcount_cnt0_cy<46> (Mcount_cnt0_cy<46>)
     MUXCY:CI->O           1   0.023   0.000  Mcount_cnt0_cy<47> (Mcount_cnt0_cy<47>)
     MUXCY:CI->O           1   0.023   0.000  Mcount_cnt0_cy<48> (Mcount_cnt0_cy<48>)
     MUXCY:CI->O           1   0.023   0.000  Mcount_cnt0_cy<49> (Mcount_cnt0_cy<49>)
     MUXCY:CI->O           1   0.023   0.000  Mcount_cnt0_cy<50> (Mcount_cnt0_cy<50>)
     MUXCY:CI->O           1   0.023   0.000  Mcount_cnt0_cy<51> (Mcount_cnt0_cy<51>)
     MUXCY:CI->O           1   0.023   0.000  Mcount_cnt0_cy<52> (Mcount_cnt0_cy<52>)
     MUXCY:CI->O           1   0.023   0.000  Mcount_cnt0_cy<53> (Mcount_cnt0_cy<53>)
     MUXCY:CI->O           1   0.023   0.000  Mcount_cnt0_cy<54> (Mcount_cnt0_cy<54>)
     MUXCY:CI->O           1   0.023   0.000  Mcount_cnt0_cy<55> (Mcount_cnt0_cy<55>)
     MUXCY:CI->O           1   0.023   0.000  Mcount_cnt0_cy<56> (Mcount_cnt0_cy<56>)
     MUXCY:CI->O           1   0.023   0.000  Mcount_cnt0_cy<57> (Mcount_cnt0_cy<57>)
     MUXCY:CI->O           1   0.023   0.000  Mcount_cnt0_cy<58> (Mcount_cnt0_cy<58>)
     MUXCY:CI->O           1   0.023   0.000  Mcount_cnt0_cy<59> (Mcount_cnt0_cy<59>)
     MUXCY:CI->O           1   0.023   0.000  Mcount_cnt0_cy<60> (Mcount_cnt0_cy<60>)
     MUXCY:CI->O           1   0.023   0.000  Mcount_cnt0_cy<61> (Mcount_cnt0_cy<61>)
     MUXCY:CI->O           0   0.023   0.000  Mcount_cnt0_cy<62> (Mcount_cnt0_cy<62>)
     XORCY:CI->O           1   0.370   0.000  Mcount_cnt0_xor<63> (Result<63>)
     FDRE:D                    0.008          cnt0_63
    ----------------------------------------
    Total                      2.914ns (2.631ns logic, 0.283ns route)
                                       (90.3% logic, 9.7% route)

=========================================================================
Timing constraint: Default OFFSET IN BEFORE for Clock 'Clk'
  Total number of paths / destination ports: 390 / 260
-------------------------------------------------------------------------
Offset:              1.105ns (Levels of Logic = 2)
  Source:            Slt (PAD)
  Destination:       cnt1_0 (FF)
  Destination Clock: Clk rising

  Data Path: Slt to cnt1_0
                                Gate     Net
    Cell:in->out      fanout   Delay   Delay  Logical Name (Net Name)
    ----------------------------------------  ------------
     IBUF:I->O             3   0.001   0.521  Slt_IBUF (Slt_IBUF)
     LUT4:I1->O           64   0.097   0.391  _n0049_inv1 (_n0049_inv)
     FDRE:CE                   0.095          cnt1_0
    ----------------------------------------
    Total                      1.105ns (0.193ns logic, 0.912ns route)
                                       (17.5% logic, 82.5% route)

=========================================================================
Timing constraint: Default OFFSET OUT AFTER for Clock 'Clk'
  Total number of paths / destination ports: 128 / 128
-------------------------------------------------------------------------
Offset:              0.645ns (Levels of Logic = 1)
  Source:            cnt0_63 (FF)
  Destination:       Output0<63> (PAD)
  Source Clock:      Clk rising

  Data Path: cnt0_63 to Output0<63>
                                Gate     Net
    Cell:in->out      fanout   Delay   Delay  Logical Name (Net Name)
    ----------------------------------------  ------------
     FDRE:C->Q             2   0.361   0.283  cnt0_63 (cnt0_63)
     OBUF:I->O                 0.000          Output0_63_OBUF (Output0<63>)
    ----------------------------------------
    Total                      0.645ns (0.361ns logic, 0.283ns route)
                                       (56.0% logic, 44.0% route)

=========================================================================

Cross Clock Domains Report:
--------------------------

Clock to Setup on destination clock Clk
---------------+---------+---------+---------+---------+
               | Src:Rise| Src:Fall| Src:Rise| Src:Fall|
Source Clock   |Dest:Rise|Dest:Rise|Dest:Fall|Dest:Fall|
---------------+---------+---------+---------+---------+
Clk            |    2.914|         |         |         |
---------------+---------+---------+---------+---------+

=========================================================================


Total REAL time to Xst completion: 18.00 secs
Total CPU time to Xst completion: 17.93 secs
 
--> 

Total memory usage is 4654228 kilobytes

Number of errors   :    0 (   0 filtered)
Number of warnings :    0 (   0 filtered)
Number of infos    :    0 (   0 filtered)

