Release 14.7 - xst P.20131013 (nt64)
Copyright (c) 1995-2013 Xilinx, Inc.  All rights reserved.
--> Parameter TMPDIR set to xst/projnav.tmp


Total REAL time to Xst completion: 0.00 secs
Total CPU time to Xst completion: 0.09 secs
 
--> Parameter xsthdpdir set to xst


Total REAL time to Xst completion: 0.00 secs
Total CPU time to Xst completion: 0.09 secs
 
--> Reading design: Bridge.prj

TABLE OF CONTENTS
  1) Synthesis Options Summary
  2) HDL Parsing
  3) HDL Elaboration
  4) HDL Synthesis
       4.1) HDL Synthesis Report
  5) Advanced HDL Synthesis
       5.1) Advanced HDL Synthesis Report
  6) Low Level Synthesis
  7) Partition Report
  8) Design Summary
       8.1) Primitive and Black Box Usage
       8.2) Device utilization summary
       8.3) Partition Resource Summary
       8.4) Timing Report
            8.4.1) Clock Information
            8.4.2) Asynchronous Control Signals Information
            8.4.3) Timing Summary
            8.4.4) Timing Details
            8.4.5) Cross Clock Domains Report


=========================================================================
*                      Synthesis Options Summary                        *
=========================================================================
---- Source Parameters
Input File Name                    : "Bridge.prj"
Ignore Synthesis Constraint File   : NO

---- Target Parameters
Output File Name                   : "Bridge"
Output Format                      : NGC
Target Device                      : xc7a200t-3-fbg484

---- Source Options
Top Module Name                    : Bridge
Automatic FSM Extraction           : YES
FSM Encoding Algorithm             : Auto
Safe Implementation                : No
FSM Style                          : LUT
RAM Extraction                     : Yes
RAM Style                          : Auto
ROM Extraction                     : Yes
Shift Register Extraction          : YES
ROM Style                          : Auto
Resource Sharing                   : YES
Asynchronous To Synchronous        : NO
Shift Register Minimum Size        : 2
Use DSP Block                      : Auto
Automatic Register Balancing       : No

---- Target Options
LUT Combining                      : Auto
Reduce Control Sets                : Auto
Add IO Buffers                     : YES
Global Maximum Fanout              : 100000
Add Generic Clock Buffer(BUFG)     : 16
Register Duplication               : YES
Optimize Instantiated Primitives   : NO
Use Clock Enable                   : Auto
Use Synchronous Set                : Auto
Use Synchronous Reset              : Auto
Pack IO Registers into IOBs        : Auto
Equivalent register Removal        : YES

---- General Options
Optimization Goal                  : Speed
Optimization Effort                : 1
Power Reduction                    : NO
Keep Hierarchy                     : No
Netlist Hierarchy                  : As_Optimized
RTL Output                         : Yes
Global Optimization                : AllClockNets
Read Cores                         : YES
Write Timing Constraints           : NO
Cross Clock Analysis               : NO
Hierarchy Separator                : /
Bus Delimiter                      : <>
Case Specifier                     : Maintain
Slice Utilization Ratio            : 100
BRAM Utilization Ratio             : 100
DSP48 Utilization Ratio            : 100
Auto BRAM Packing                  : NO
Slice Utilization Ratio Delta      : 5

=========================================================================


=========================================================================
*                          HDL Parsing                                  *
=========================================================================
Analyzing Verilog file "C:\Users\lyt\Documents\project\co\p7\mips\IO\Bridge.v" into library work
Parsing module <Bridge>.

=========================================================================
*                            HDL Elaboration                            *
=========================================================================

Elaborating module <Bridge>.

=========================================================================
*                           HDL Synthesis                               *
=========================================================================

Synthesizing Unit <Bridge>.
    Related source file is "C:\Users\lyt\Documents\project\co\p7\mips\IO\Bridge.v".
    Found 32-bit comparator lessequal for signal <n0002> created at line 48
    Found 32-bit comparator lessequal for signal <n0004> created at line 48
    Found 32-bit comparator lessequal for signal <n0007> created at line 49
    Found 32-bit comparator lessequal for signal <n0009> created at line 49
    Summary:
	inferred   4 Comparator(s).
	inferred   4 Multiplexer(s).
Unit <Bridge> synthesized.

=========================================================================
HDL Synthesis Report

Macro Statistics
# Comparators                                          : 4
 32-bit comparator lessequal                           : 4
# Multiplexers                                         : 4
 1-bit 2-to-1 multiplexer                              : 2
 32-bit 2-to-1 multiplexer                             : 2

=========================================================================

=========================================================================
*                       Advanced HDL Synthesis                          *
=========================================================================


=========================================================================
Advanced HDL Synthesis Report

Macro Statistics
# Comparators                                          : 4
 32-bit comparator lessequal                           : 4
# Multiplexers                                         : 4
 1-bit 2-to-1 multiplexer                              : 2
 32-bit 2-to-1 multiplexer                             : 2

=========================================================================

=========================================================================
*                         Low Level Synthesis                           *
=========================================================================

Optimizing unit <Bridge> ...

Mapping all equations...
Building and optimizing final netlist ...
Found area constraint ratio of 100 (+ 5) on block Bridge, actual ratio is 0.

Final Macro Processing ...

=========================================================================
Final Register Report

Found no macro
=========================================================================

=========================================================================
*                           Partition Report                            *
=========================================================================

Partition Implementation Status
-------------------------------

  No Partitions were found in this design.

-------------------------------

=========================================================================
*                            Design Summary                             *
=========================================================================

Top Level Output File Name         : Bridge.ngc

Primitive and Black Box Usage:
------------------------------
# BELS                             : 93
#      GND                         : 1
#      LUT3                        : 1
#      LUT4                        : 7
#      LUT5                        : 30
#      LUT6                        : 32
#      MUXCY                       : 21
#      VCC                         : 1
# IO Buffers                       : 291
#      IBUF                        : 129
#      OBUF                        : 162

Device utilization summary:
---------------------------

Selected Device : 7a200tfbg484-3 


Slice Logic Utilization: 
 Number of Slice LUTs:                   70  out of  134600     0%  
    Number used as Logic:                70  out of  134600     0%  

Slice Logic Distribution: 
 Number of LUT Flip Flop pairs used:     70
   Number with an unused Flip Flop:      70  out of     70   100%  
   Number with an unused LUT:             0  out of     70     0%  
   Number of fully used LUT-FF pairs:     0  out of     70     0%  
   Number of unique control sets:         0

IO Utilization: 
 Number of IOs:                         297
 Number of bonded IOBs:                 291  out of    285   102% (*) 

Specific Feature Utilization:

WARNING:Xst:1336 -  (*) More than 100% of Device resources are used

---------------------------
Partition Resource Summary:
---------------------------

  No Partitions were found in this design.

---------------------------


=========================================================================
Timing Report

NOTE: THESE TIMING NUMBERS ARE ONLY A SYNTHESIS ESTIMATE.
      FOR ACCURATE TIMING INFORMATION PLEASE REFER TO THE TRACE REPORT
      GENERATED AFTER PLACE-and-ROUTE.

Clock Information:
------------------
No clock signals found in this design

Asynchronous Control Signals Information:
----------------------------------------
No asynchronous control signals found in this design

Timing Summary:
---------------
Speed Grade: -3

   Minimum period: No path found
   Minimum input arrival time before clock: No path found
   Maximum output required time after clock: No path found
   Maximum combinational path delay: 3.047ns

Timing Details:
---------------
All values displayed in nanoseconds (ns)

=========================================================================
Timing constraint: Default path analysis
  Total number of paths / destination ports: 5940 / 162
-------------------------------------------------------------------------
Delay:               3.047ns (Levels of Logic = 10)
  Source:            Addr<5> (PAD)
  Destination:       Dev1WE (PAD)

  Data Path: Addr<5> to Dev1WE
                                Gate     Net
    Cell:in->out      fanout   Delay   Delay  Logical Name (Net Name)
    ----------------------------------------  ------------
     IBUF:I->O             8   0.001   0.715  Addr_5_IBUF (Dev1Addr_5_OBUF)
     LUT5:I0->O            1   0.097   0.000  Mcompar_GND_1_o_Addr[31]_LessThan_7_o_lut<0> (Mcompar_GND_1_o_Addr[31]_LessThan_7_o_lut<0>)
     MUXCY:S->O            1   0.353   0.000  Mcompar_GND_1_o_Addr[31]_LessThan_7_o_cy<0> (Mcompar_GND_1_o_Addr[31]_LessThan_7_o_cy<0>)
     MUXCY:CI->O           1   0.023   0.000  Mcompar_GND_1_o_Addr[31]_LessThan_7_o_cy<1> (Mcompar_GND_1_o_Addr[31]_LessThan_7_o_cy<1>)
     MUXCY:CI->O           1   0.023   0.000  Mcompar_GND_1_o_Addr[31]_LessThan_7_o_cy<2> (Mcompar_GND_1_o_Addr[31]_LessThan_7_o_cy<2>)
     MUXCY:CI->O           1   0.023   0.000  Mcompar_GND_1_o_Addr[31]_LessThan_7_o_cy<3> (Mcompar_GND_1_o_Addr[31]_LessThan_7_o_cy<3>)
     MUXCY:CI->O           1   0.253   0.295  Mcompar_GND_1_o_Addr[31]_LessThan_7_o_cy<4> (Mcompar_GND_1_o_Addr[31]_LessThan_7_o_cy<4>)
     LUT4:I3->O           34   0.097   0.790  Mcompar_GND_1_o_Addr[31]_LessThan_7_o_cy<5> (GND_1_o_Addr[31]_LessThan_7_o)
     LUT5:I0->O            1   0.097   0.279  Mmux_Dev1WE11 (Dev1WE_OBUF)
     OBUF:I->O                 0.000          Dev1WE_OBUF (Dev1WE)
    ----------------------------------------
    Total                      3.047ns (0.967ns logic, 2.080ns route)
                                       (31.7% logic, 68.3% route)

=========================================================================

Cross Clock Domains Report:
--------------------------

=========================================================================


Total REAL time to Xst completion: 7.00 secs
Total CPU time to Xst completion: 6.92 secs
 
--> 

Total memory usage is 4654284 kilobytes

Number of errors   :    0 (   0 filtered)
Number of warnings :    1 (   0 filtered)
Number of infos    :    0 (   0 filtered)

