Release 14.7 - xst P.20131013 (nt64)
Copyright (c) 1995-2013 Xilinx, Inc.  All rights reserved.
--> Parameter TMPDIR set to xst/projnav.tmp


Total REAL time to Xst completion: 0.00 secs
Total CPU time to Xst completion: 0.14 secs
 
--> Parameter xsthdpdir set to xst


Total REAL time to Xst completion: 0.00 secs
Total CPU time to Xst completion: 0.14 secs
 
--> Reading design: ATDecoder.prj

TABLE OF CONTENTS
  1) Synthesis Options Summary
  2) HDL Parsing
  3) HDL Elaboration
  4) HDL Synthesis
       4.1) HDL Synthesis Report
  5) Advanced HDL Synthesis
       5.1) Advanced HDL Synthesis Report
  6) Low Level Synthesis
  7) Partition Report
  8) Design Summary
       8.1) Primitive and Black Box Usage
       8.2) Device utilization summary
       8.3) Partition Resource Summary
       8.4) Timing Report
            8.4.1) Clock Information
            8.4.2) Asynchronous Control Signals Information
            8.4.3) Timing Summary
            8.4.4) Timing Details
            8.4.5) Cross Clock Domains Report


=========================================================================
*                      Synthesis Options Summary                        *
=========================================================================
---- Source Parameters
Input File Name                    : "ATDecoder.prj"
Ignore Synthesis Constraint File   : NO

---- Target Parameters
Output File Name                   : "ATDecoder"
Output Format                      : NGC
Target Device                      : xc7a200t-3-fbg484

---- Source Options
Top Module Name                    : ATDecoder
Automatic FSM Extraction           : YES
FSM Encoding Algorithm             : Auto
Safe Implementation                : No
FSM Style                          : LUT
RAM Extraction                     : Yes
RAM Style                          : Auto
ROM Extraction                     : Yes
Shift Register Extraction          : YES
ROM Style                          : Auto
Resource Sharing                   : YES
Asynchronous To Synchronous        : NO
Shift Register Minimum Size        : 2
Use DSP Block                      : Auto
Automatic Register Balancing       : No

---- Target Options
LUT Combining                      : Auto
Reduce Control Sets                : Auto
Add IO Buffers                     : YES
Global Maximum Fanout              : 100000
Add Generic Clock Buffer(BUFG)     : 16
Register Duplication               : YES
Optimize Instantiated Primitives   : NO
Use Clock Enable                   : Auto
Use Synchronous Set                : Auto
Use Synchronous Reset              : Auto
Pack IO Registers into IOBs        : Auto
Equivalent register Removal        : YES

---- General Options
Optimization Goal                  : Speed
Optimization Effort                : 1
Power Reduction                    : NO
Keep Hierarchy                     : No
Netlist Hierarchy                  : As_Optimized
RTL Output                         : Yes
Global Optimization                : AllClockNets
Read Cores                         : YES
Write Timing Constraints           : NO
Cross Clock Analysis               : NO
Hierarchy Separator                : /
Bus Delimiter                      : <>
Case Specifier                     : Maintain
Slice Utilization Ratio            : 100
BRAM Utilization Ratio             : 100
DSP48 Utilization Ratio            : 100
Auto BRAM Packing                  : NO
Slice Utilization Ratio Delta      : 5

=========================================================================


=========================================================================
*                          HDL Parsing                                  *
=========================================================================
Analyzing Verilog file "C:\Users\lyt\Documents\project\co\p5\mips\cpu\controller\component\ATDecoder.v" into library work
Parsing verilog file "C:\Users\lyt\Documents\project\co\p5\mips\cpu\controller\component\/..\..\define.v" included at line 1.
Parsing module <ATDecoder>.

=========================================================================
*                            HDL Elaboration                            *
=========================================================================

Elaborating module <ATDecoder>.

=========================================================================
*                           HDL Synthesis                               *
=========================================================================

Synthesizing Unit <ATDecoder>.
    Related source file is "C:\Users\lyt\Documents\project\co\p5\mips\cpu\controller\component\ATDecoder.v".
WARNING:Xst:647 - Input <Instr<10:6>> is never used. This port will be preserved and left unconnected if it belongs to a top-level block or it belongs to a sub-block and the hierarchy of this sub-block is preserved.
    Summary:
	no macro.
Unit <ATDecoder> synthesized.

=========================================================================
HDL Synthesis Report

Found no macro
=========================================================================

=========================================================================
*                       Advanced HDL Synthesis                          *
=========================================================================


=========================================================================
Advanced HDL Synthesis Report

Found no macro
=========================================================================

=========================================================================
*                         Low Level Synthesis                           *
=========================================================================

Optimizing unit <ATDecoder> ...

Mapping all equations...
Building and optimizing final netlist ...
Found area constraint ratio of 100 (+ 5) on block ATDecoder, actual ratio is 0.

Final Macro Processing ...

=========================================================================
Final Register Report

Found no macro
=========================================================================

=========================================================================
*                           Partition Report                            *
=========================================================================

Partition Implementation Status
-------------------------------

  No Partitions were found in this design.

-------------------------------

=========================================================================
*                            Design Summary                             *
=========================================================================

Top Level Output File Name         : ATDecoder.ngc

Primitive and Black Box Usage:
------------------------------
# BELS                             : 33
#      GND                         : 1
#      LUT2                        : 10
#      LUT3                        : 1
#      LUT4                        : 1
#      LUT5                        : 4
#      LUT6                        : 16
# IO Buffers                       : 48
#      IBUF                        : 27
#      OBUF                        : 21

Device utilization summary:
---------------------------

Selected Device : 7a200tfbg484-3 


Slice Logic Utilization: 
 Number of Slice LUTs:                   32  out of  134600     0%  
    Number used as Logic:                32  out of  134600     0%  

Slice Logic Distribution: 
 Number of LUT Flip Flop pairs used:     32
   Number with an unused Flip Flop:      32  out of     32   100%  
   Number with an unused LUT:             0  out of     32     0%  
   Number of fully used LUT-FF pairs:     0  out of     32     0%  
   Number of unique control sets:         0

IO Utilization: 
 Number of IOs:                          53
 Number of bonded IOBs:                  48  out of    285    16%  

Specific Feature Utilization:

---------------------------
Partition Resource Summary:
---------------------------

  No Partitions were found in this design.

---------------------------


=========================================================================
Timing Report

NOTE: THESE TIMING NUMBERS ARE ONLY A SYNTHESIS ESTIMATE.
      FOR ACCURATE TIMING INFORMATION PLEASE REFER TO THE TRACE REPORT
      GENERATED AFTER PLACE-and-ROUTE.

Clock Information:
------------------
No clock signals found in this design

Asynchronous Control Signals Information:
----------------------------------------
No asynchronous control signals found in this design

Timing Summary:
---------------
Speed Grade: -3

   Minimum period: No path found
   Minimum input arrival time before clock: No path found
   Maximum output required time after clock: No path found
   Maximum combinational path delay: 2.300ns

Timing Details:
---------------
All values displayed in nanoseconds (ns)

=========================================================================
Timing constraint: Default path analysis
  Total number of paths / destination ports: 404 / 20
-------------------------------------------------------------------------
Delay:               2.300ns (Levels of Logic = 5)
  Source:            Instr<29> (PAD)
  Destination:       A1<4> (PAD)

  Data Path: Instr<29> to A1<4>
                                Gate     Net
    Cell:in->out      fanout   Delay   Delay  Logical Name (Net Name)
    ----------------------------------------  ------------
     IBUF:I->O             7   0.001   0.711  Instr_29_IBUF (Instr_29_IBUF)
     LUT5:I0->O            3   0.097   0.703  Opcode[5]_GND_1_o_equal_15_o<5>11 (Opcode[5]_GND_1_o_equal_15_o<5>1)
     LUT6:I0->O            5   0.097   0.314  _n0273<1>13 (_n0273<1>1)
     LUT2:I1->O            1   0.097   0.279  _n0273<1>2 (A1_4_OBUF)
     OBUF:I->O                 0.000          A1_4_OBUF (A1<4>)
    ----------------------------------------
    Total                      2.300ns (0.292ns logic, 2.008ns route)
                                       (12.7% logic, 87.3% route)

=========================================================================

Cross Clock Domains Report:
--------------------------

=========================================================================


Total REAL time to Xst completion: 11.00 secs
Total CPU time to Xst completion: 11.13 secs
 
--> 

Total memory usage is 4654232 kilobytes

Number of errors   :    0 (   0 filtered)
Number of warnings :    1 (   0 filtered)
Number of infos    :    0 (   0 filtered)

