Release 14.7 - xst P.20131013 (nt64)
Copyright (c) 1995-2013 Xilinx, Inc.  All rights reserved.
--> Parameter TMPDIR set to xst/projnav.tmp


Total REAL time to Xst completion: 0.00 secs
Total CPU time to Xst completion: 0.18 secs
 
--> Parameter xsthdpdir set to xst


Total REAL time to Xst completion: 0.00 secs
Total CPU time to Xst completion: 0.18 secs
 
--> Reading design: controller.prj

TABLE OF CONTENTS
  1) Synthesis Options Summary
  2) HDL Parsing
  3) HDL Elaboration
  4) HDL Synthesis
       4.1) HDL Synthesis Report
  5) Advanced HDL Synthesis
       5.1) Advanced HDL Synthesis Report
  6) Low Level Synthesis
  7) Partition Report
  8) Design Summary
       8.1) Primitive and Black Box Usage
       8.2) Device utilization summary
       8.3) Partition Resource Summary
       8.4) Timing Report
            8.4.1) Clock Information
            8.4.2) Asynchronous Control Signals Information
            8.4.3) Timing Summary
            8.4.4) Timing Details
            8.4.5) Cross Clock Domains Report


=========================================================================
*                      Synthesis Options Summary                        *
=========================================================================
---- Source Parameters
Input File Name                    : "controller.prj"
Ignore Synthesis Constraint File   : NO

---- Target Parameters
Output File Name                   : "controller"
Output Format                      : NGC
Target Device                      : xc7a200t-3-fbg484

---- Source Options
Top Module Name                    : controller
Automatic FSM Extraction           : YES
FSM Encoding Algorithm             : Auto
Safe Implementation                : No
FSM Style                          : LUT
RAM Extraction                     : Yes
RAM Style                          : Auto
ROM Extraction                     : Yes
Shift Register Extraction          : YES
ROM Style                          : Auto
Resource Sharing                   : YES
Asynchronous To Synchronous        : NO
Shift Register Minimum Size        : 2
Use DSP Block                      : Auto
Automatic Register Balancing       : No

---- Target Options
LUT Combining                      : Auto
Reduce Control Sets                : Auto
Add IO Buffers                     : YES
Global Maximum Fanout              : 100000
Add Generic Clock Buffer(BUFG)     : 16
Register Duplication               : YES
Optimize Instantiated Primitives   : NO
Use Clock Enable                   : Auto
Use Synchronous Set                : Auto
Use Synchronous Reset              : Auto
Pack IO Registers into IOBs        : Auto
Equivalent register Removal        : YES

---- General Options
Optimization Goal                  : Speed
Optimization Effort                : 1
Power Reduction                    : NO
Keep Hierarchy                     : No
Netlist Hierarchy                  : As_Optimized
RTL Output                         : Yes
Global Optimization                : AllClockNets
Read Cores                         : YES
Write Timing Constraints           : NO
Cross Clock Analysis               : NO
Hierarchy Separator                : /
Bus Delimiter                      : <>
Case Specifier                     : Maintain
Slice Utilization Ratio            : 100
BRAM Utilization Ratio             : 100
DSP48 Utilization Ratio            : 100
Auto BRAM Packing                  : NO
Slice Utilization Ratio Delta      : 5

=========================================================================


=========================================================================
*                          HDL Parsing                                  *
=========================================================================
Analyzing Verilog file "C:\Users\lyt\Documents\project\co\p5\mips\cpu\controller\component\main_controller.v" into library work
Parsing verilog file "C:\Users\lyt\Documents\project\co\p5\mips\cpu\controller\component\/..\..\define.v" included at line 1.
Parsing module <main_controller>.
Analyzing Verilog file "C:\Users\lyt\Documents\project\co\p5\mips\cpu\controller\component\forward_controller.v" into library work
Parsing module <forward_controller>.
Analyzing Verilog file "C:\Users\lyt\Documents\project\co\p5\mips\cpu\controller\component\CTreg.v" into library work
Parsing module <CTreg>.
Analyzing Verilog file "C:\Users\lyt\Documents\project\co\p5\mips\cpu\controller\component\ATDecoder.v" into library work
Parsing verilog file "C:\Users\lyt\Documents\project\co\p5\mips\cpu\controller\component\/..\..\define.v" included at line 1.
Parsing module <ATDecoder>.
Analyzing Verilog file "C:\Users\lyt\Documents\project\co\p5\mips\cpu\controller\controller.v" into library work
Parsing module <controller>.

=========================================================================
*                            HDL Elaboration                            *
=========================================================================

Elaborating module <controller>.

Elaborating module <main_controller>.

Elaborating module <ATDecoder>.

Elaborating module <CTreg>.

Elaborating module <forward_controller>.

=========================================================================
*                           HDL Synthesis                               *
=========================================================================

Synthesizing Unit <controller>.
    Related source file is "C:\Users\lyt\Documents\project\co\p5\mips\cpu\controller\controller.v".
    Summary:
	no macro.
Unit <controller> synthesized.

Synthesizing Unit <main_controller>.
    Related source file is "C:\Users\lyt\Documents\project\co\p5\mips\cpu\controller\component\main_controller.v".
    Summary:
	no macro.
Unit <main_controller> synthesized.

Synthesizing Unit <ATDecoder>.
    Related source file is "C:\Users\lyt\Documents\project\co\p5\mips\cpu\controller\component\ATDecoder.v".
WARNING:Xst:647 - Input <Instr<10:6>> is never used. This port will be preserved and left unconnected if it belongs to a top-level block or it belongs to a sub-block and the hierarchy of this sub-block is preserved.
    Summary:
	no macro.
Unit <ATDecoder> synthesized.

Synthesizing Unit <CTreg>.
    Related source file is "C:\Users\lyt\Documents\project\co\p5\mips\cpu\controller\component\CTreg.v".
WARNING:Xst:647 - Input <Tuse1> is never used. This port will be preserved and left unconnected if it belongs to a top-level block or it belongs to a sub-block and the hierarchy of this sub-block is preserved.
WARNING:Xst:647 - Input <Tuse2> is never used. This port will be preserved and left unconnected if it belongs to a top-level block or it belongs to a sub-block and the hierarchy of this sub-block is preserved.
    Found 5-bit register for signal <DEA2>.
    Found 5-bit register for signal <DEA3>.
    Found 5-bit register for signal <EMA1>.
    Found 5-bit register for signal <EMA2>.
    Found 5-bit register for signal <EMA3>.
    Found 5-bit register for signal <MWA3>.
    Found 5-bit register for signal <DEA1>.
    Found 2-bit register for signal <DETnew>.
    Found 2-bit register for signal <EMTnew>.
    Found 2-bit register for signal <MWTnew>.
    Found 2-bit subtractor for signal <Tnew[1]_GND_4_o_sub_2_OUT> created at line 66.
    Found 2-bit subtractor for signal <DETnew[1]_GND_4_o_sub_5_OUT> created at line 70.
    Found 2-bit subtractor for signal <EMTnew[1]_GND_4_o_sub_8_OUT> created at line 74.
    Summary:
	inferred   3 Adder/Subtractor(s).
	inferred  41 D-type flip-flop(s).
	inferred   3 Multiplexer(s).
Unit <CTreg> synthesized.

Synthesizing Unit <forward_controller>.
    Related source file is "C:\Users\lyt\Documents\project\co\p5\mips\cpu\controller\component\forward_controller.v".
    Found 5-bit comparator equal for signal <IDA1[4]_DEA3[4]_equal_2_o> created at line 45
    Found 5-bit comparator equal for signal <IDA1[4]_EMA3[4]_equal_4_o> created at line 46
    Found 5-bit comparator equal for signal <IDA1[4]_MWA3[4]_equal_6_o> created at line 47
    Found 5-bit comparator equal for signal <IDA2[4]_DEA3[4]_equal_13_o> created at line 50
    Found 5-bit comparator equal for signal <IDA2[4]_EMA3[4]_equal_15_o> created at line 51
    Found 5-bit comparator equal for signal <IDA2[4]_MWA3[4]_equal_17_o> created at line 52
    Found 5-bit comparator equal for signal <DEA1[4]_EMA3[4]_equal_24_o> created at line 55
    Found 5-bit comparator equal for signal <DEA1[4]_MWA3[4]_equal_26_o> created at line 56
    Found 5-bit comparator equal for signal <DEA2[4]_EMA3[4]_equal_32_o> created at line 59
    Found 5-bit comparator equal for signal <DEA2[4]_MWA3[4]_equal_34_o> created at line 60
    Found 5-bit comparator equal for signal <EMA1[4]_MWA3[4]_equal_40_o> created at line 63
    Found 5-bit comparator equal for signal <EMA2[4]_MWA3[4]_equal_45_o> created at line 66
    Summary:
	inferred  12 Comparator(s).
	inferred  12 Multiplexer(s).
Unit <forward_controller> synthesized.

=========================================================================
HDL Synthesis Report

Macro Statistics
# Adders/Subtractors                                   : 3
 2-bit subtractor                                      : 3
# Registers                                            : 10
 2-bit register                                        : 3
 5-bit register                                        : 7
# Comparators                                          : 12
 5-bit comparator equal                                : 12
# Multiplexers                                         : 15
 2-bit 2-to-1 multiplexer                              : 15

=========================================================================

=========================================================================
*                       Advanced HDL Synthesis                          *
=========================================================================


=========================================================================
Advanced HDL Synthesis Report

Macro Statistics
# Adders/Subtractors                                   : 3
 2-bit subtractor                                      : 3
# Registers                                            : 41
 Flip-Flops                                            : 41
# Comparators                                          : 12
 5-bit comparator equal                                : 12
# Multiplexers                                         : 15
 2-bit 2-to-1 multiplexer                              : 15

=========================================================================

=========================================================================
*                         Low Level Synthesis                           *
=========================================================================

Optimizing unit <controller> ...

Optimizing unit <CTreg> ...

Optimizing unit <forward_controller> ...
WARNING:Xst:1710 - FF/Latch <CTR/EMTnew_1> (without init value) has a constant value of 0 in block <controller>. This FF/Latch will be trimmed during the optimization process.
WARNING:Xst:1895 - Due to other FF/Latch trimming, FF/Latch <CTR/EMTnew_0> (without init value) has a constant value of 0 in block <controller>. This FF/Latch will be trimmed during the optimization process.
WARNING:Xst:1895 - Due to other FF/Latch trimming, FF/Latch <CTR/DETnew_1> (without init value) has a constant value of 0 in block <controller>. This FF/Latch will be trimmed during the optimization process.
WARNING:Xst:1710 - FF/Latch <CTR/MWTnew_1> (without init value) has a constant value of 0 in block <controller>. This FF/Latch will be trimmed during the optimization process.
WARNING:Xst:1895 - Due to other FF/Latch trimming, FF/Latch <CTR/MWTnew_0> (without init value) has a constant value of 0 in block <controller>. This FF/Latch will be trimmed during the optimization process.

Mapping all equations...
Building and optimizing final netlist ...
Found area constraint ratio of 100 (+ 5) on block controller, actual ratio is 0.

Final Macro Processing ...

=========================================================================
Final Register Report

Macro Statistics
# Registers                                            : 36
 Flip-Flops                                            : 36

=========================================================================

=========================================================================
*                           Partition Report                            *
=========================================================================

Partition Implementation Status
-------------------------------

  No Partitions were found in this design.

-------------------------------

=========================================================================
*                            Design Summary                             *
=========================================================================

Top Level Output File Name         : controller.ngc

Primitive and Black Box Usage:
------------------------------
# BELS                             : 85
#      GND                         : 1
#      LUT2                        : 7
#      LUT3                        : 2
#      LUT4                        : 17
#      LUT5                        : 12
#      LUT6                        : 46
# FlipFlops/Latches                : 36
#      FDC                         : 36
# Clock Buffers                    : 1
#      BUFGP                       : 1
# IO Buffers                       : 63
#      IBUF                        : 28
#      OBUF                        : 35

Device utilization summary:
---------------------------

Selected Device : 7a200tfbg484-3 


Slice Logic Utilization: 
 Number of Slice Registers:              36  out of  269200     0%  
 Number of Slice LUTs:                   84  out of  134600     0%  
    Number used as Logic:                84  out of  134600     0%  

Slice Logic Distribution: 
 Number of LUT Flip Flop pairs used:     97
   Number with an unused Flip Flop:      61  out of     97    62%  
   Number with an unused LUT:            13  out of     97    13%  
   Number of fully used LUT-FF pairs:    23  out of     97    23%  
   Number of unique control sets:         1

IO Utilization: 
 Number of IOs:                          69
 Number of bonded IOBs:                  64  out of    285    22%  

Specific Feature Utilization:
 Number of BUFG/BUFGCTRLs:                1  out of     32     3%  

---------------------------
Partition Resource Summary:
---------------------------

  No Partitions were found in this design.

---------------------------


=========================================================================
Timing Report

NOTE: THESE TIMING NUMBERS ARE ONLY A SYNTHESIS ESTIMATE.
      FOR ACCURATE TIMING INFORMATION PLEASE REFER TO THE TRACE REPORT
      GENERATED AFTER PLACE-and-ROUTE.

Clock Information:
------------------
-----------------------------------+------------------------+-------+
Clock Signal                       | Clock buffer(FF name)  | Load  |
-----------------------------------+------------------------+-------+
clk                                | BUFGP                  | 36    |
-----------------------------------+------------------------+-------+

Asynchronous Control Signals Information:
----------------------------------------
No asynchronous control signals found in this design

Timing Summary:
---------------
Speed Grade: -3

   Minimum period: 0.671ns (Maximum Frequency: 1489.425MHz)
   Minimum input arrival time before clock: 2.129ns
   Maximum output required time after clock: 3.028ns
   Maximum combinational path delay: 4.632ns

Timing Details:
---------------
All values displayed in nanoseconds (ns)

=========================================================================
Timing constraint: Default period analysis for Clock 'clk'
  Clock period: 0.671ns (frequency: 1489.425MHz)
  Total number of paths / destination ports: 20 / 20
-------------------------------------------------------------------------
Delay:               0.671ns (Levels of Logic = 0)
  Source:            CTR/DEA2_2 (FF)
  Destination:       CTR/EMA2_2 (FF)
  Source Clock:      clk rising
  Destination Clock: clk rising

  Data Path: CTR/DEA2_2 to CTR/EMA2_2
                                Gate     Net
    Cell:in->out      fanout   Delay   Delay  Logical Name (Net Name)
    ----------------------------------------  ------------
     FDC:C->Q              6   0.361   0.302  CTR/DEA2_2 (CTR/DEA2_2)
     FDC:D                     0.008          CTR/EMA2_2
    ----------------------------------------
    Total                      0.671ns (0.369ns logic, 0.302ns route)
                                       (55.0% logic, 45.0% route)

=========================================================================
Timing constraint: Default OFFSET IN BEFORE for Clock 'clk'
  Total number of paths / destination ports: 492 / 52
-------------------------------------------------------------------------
Offset:              2.129ns (Levels of Logic = 4)
  Source:            Instr<26> (PAD)
  Destination:       CTR/DEA1_4 (FF)
  Destination Clock: clk rising

  Data Path: Instr<26> to CTR/DEA1_4
                                Gate     Net
    Cell:in->out      fanout   Delay   Delay  Logical Name (Net Name)
    ----------------------------------------  ------------
     IBUF:I->O            12   0.001   0.744  Instr_26_IBUF (Instr_26_IBUF)
     LUT6:I0->O           15   0.097   0.758  ATD/Opcode[5]_GND_3_o_equal_15_o1 (ATD/Opcode[5]_GND_3_o_equal_15_o)
     LUT6:I0->O            8   0.097   0.327  ATD/_n0273<1>11 (ATD/_n0273<1>1)
     LUT2:I1->O            4   0.097   0.000  ATD/_n0273<5>1 (ATDA1<0>)
     FDC:D                     0.008          CTR/DEA1_0
    ----------------------------------------
    Total                      2.129ns (0.300ns logic, 1.829ns route)
                                       (14.1% logic, 85.9% route)

=========================================================================
Timing constraint: Default OFFSET OUT AFTER for Clock 'clk'
  Total number of paths / destination ports: 198 / 10
-------------------------------------------------------------------------
Offset:              3.028ns (Levels of Logic = 4)
  Source:            CTR/DEA1_2 (FF)
  Destination:       E1FWSel<1> (PAD)
  Source Clock:      clk rising

  Data Path: CTR/DEA1_2 to E1FWSel<1>
                                Gate     Net
    Cell:in->out      fanout   Delay   Delay  Logical Name (Net Name)
    ----------------------------------------  ------------
     FDC:C->Q              6   0.361   0.716  CTR/DEA1_2 (CTR/DEA1_2)
     LUT6:I0->O            1   0.097   0.683  FWCT/DEA1[4]_GND_5_o_AND_21_o_SW0 (N12)
     LUT5:I0->O            2   0.097   0.697  FWCT/DEA1[4]_GND_5_o_AND_21_o (FWCT/DEA1[4]_GND_5_o_AND_21_o)
     LUT6:I0->O            1   0.097   0.279  FWCT/Mmux_E1FWSel11 (E1FWSel_0_OBUF)
     OBUF:I->O                 0.000          E1FWSel_0_OBUF (E1FWSel<0>)
    ----------------------------------------
    Total                      3.028ns (0.652ns logic, 2.376ns route)
                                       (21.5% logic, 78.5% route)

=========================================================================
Timing constraint: Default path analysis
  Total number of paths / destination ports: 2084 / 20
-------------------------------------------------------------------------
Delay:               4.632ns (Levels of Logic = 8)
  Source:            Instr<26> (PAD)
  Destination:       D1FWSel<1> (PAD)

  Data Path: Instr<26> to D1FWSel<1>
                                Gate     Net
    Cell:in->out      fanout   Delay   Delay  Logical Name (Net Name)
    ----------------------------------------  ------------
     IBUF:I->O            12   0.001   0.744  Instr_26_IBUF (Instr_26_IBUF)
     LUT6:I0->O           15   0.097   0.758  ATD/Opcode[5]_GND_3_o_equal_15_o1 (ATD/Opcode[5]_GND_3_o_equal_15_o)
     LUT6:I0->O            8   0.097   0.327  ATD/_n0273<1>11 (ATD/_n0273<1>1)
     LUT2:I1->O            4   0.097   0.697  ATD/_n0273<5>1 (ATDA1<0>)
     LUT6:I1->O            1   0.097   0.683  FWCT/IDA1[4]_GND_5_o_AND_15_o_SW0 (N16)
     LUT6:I1->O            2   0.097   0.561  FWCT/IDA1[4]_GND_5_o_AND_15_o (FWCT/IDA1[4]_GND_5_o_AND_15_o)
     LUT4:I0->O            1   0.097   0.279  FWCT/Mmux_D1FWSel21 (D1FWSel_1_OBUF)
     OBUF:I->O                 0.000          D1FWSel_1_OBUF (D1FWSel<1>)
    ----------------------------------------
    Total                      4.632ns (0.583ns logic, 4.049ns route)
                                       (12.6% logic, 87.4% route)

=========================================================================

Cross Clock Domains Report:
--------------------------

Clock to Setup on destination clock clk
---------------+---------+---------+---------+---------+
               | Src:Rise| Src:Fall| Src:Rise| Src:Fall|
Source Clock   |Dest:Rise|Dest:Rise|Dest:Fall|Dest:Fall|
---------------+---------+---------+---------+---------+
clk            |    0.671|         |         |         |
---------------+---------+---------+---------+---------+

=========================================================================


Total REAL time to Xst completion: 12.00 secs
Total CPU time to Xst completion: 12.57 secs
 
--> 

Total memory usage is 4654284 kilobytes

Number of errors   :    0 (   0 filtered)
Number of warnings :    8 (   0 filtered)
Number of infos    :    0 (   0 filtered)

