Release 14.7 - xst P.20131013 (nt64)
Copyright (c) 1995-2013 Xilinx, Inc.  All rights reserved.
--> Parameter TMPDIR set to xst/projnav.tmp


Total REAL time to Xst completion: 0.00 secs
Total CPU time to Xst completion: 0.15 secs
 
--> Parameter xsthdpdir set to xst


Total REAL time to Xst completion: 0.00 secs
Total CPU time to Xst completion: 0.15 secs
 
--> Reading design: nextPC.prj

TABLE OF CONTENTS
  1) Synthesis Options Summary
  2) HDL Parsing
  3) HDL Elaboration
  4) HDL Synthesis
       4.1) HDL Synthesis Report
  5) Advanced HDL Synthesis
       5.1) Advanced HDL Synthesis Report
  6) Low Level Synthesis
  7) Partition Report
  8) Design Summary
       8.1) Primitive and Black Box Usage
       8.2) Device utilization summary
       8.3) Partition Resource Summary
       8.4) Timing Report
            8.4.1) Clock Information
            8.4.2) Asynchronous Control Signals Information
            8.4.3) Timing Summary
            8.4.4) Timing Details
            8.4.5) Cross Clock Domains Report


=========================================================================
*                      Synthesis Options Summary                        *
=========================================================================
---- Source Parameters
Input File Name                    : "nextPC.prj"
Ignore Synthesis Constraint File   : NO

---- Target Parameters
Output File Name                   : "nextPC"
Output Format                      : NGC
Target Device                      : xc7a200t-3-fbg484

---- Source Options
Top Module Name                    : nextPC
Automatic FSM Extraction           : YES
FSM Encoding Algorithm             : Auto
Safe Implementation                : No
FSM Style                          : LUT
RAM Extraction                     : Yes
RAM Style                          : Auto
ROM Extraction                     : Yes
Shift Register Extraction          : YES
ROM Style                          : Auto
Resource Sharing                   : YES
Asynchronous To Synchronous        : NO
Shift Register Minimum Size        : 2
Use DSP Block                      : Auto
Automatic Register Balancing       : No

---- Target Options
LUT Combining                      : Auto
Reduce Control Sets                : Auto
Add IO Buffers                     : YES
Global Maximum Fanout              : 100000
Add Generic Clock Buffer(BUFG)     : 16
Register Duplication               : YES
Optimize Instantiated Primitives   : NO
Use Clock Enable                   : Auto
Use Synchronous Set                : Auto
Use Synchronous Reset              : Auto
Pack IO Registers into IOBs        : Auto
Equivalent register Removal        : YES

---- General Options
Optimization Goal                  : Speed
Optimization Effort                : 1
Power Reduction                    : NO
Keep Hierarchy                     : No
Netlist Hierarchy                  : As_Optimized
RTL Output                         : Yes
Global Optimization                : AllClockNets
Read Cores                         : YES
Write Timing Constraints           : NO
Cross Clock Analysis               : NO
Hierarchy Separator                : /
Bus Delimiter                      : <>
Case Specifier                     : Maintain
Slice Utilization Ratio            : 100
BRAM Utilization Ratio             : 100
DSP48 Utilization Ratio            : 100
Auto BRAM Packing                  : NO
Slice Utilization Ratio Delta      : 5

=========================================================================


=========================================================================
*                          HDL Parsing                                  *
=========================================================================
Analyzing Verilog file "C:\Users\lyt\Documents\project\co\p5\mips\cpu\datapath\component\nextPC.v" into library work
Parsing module <nextPC>.

=========================================================================
*                            HDL Elaboration                            *
=========================================================================

Elaborating module <nextPC>.

=========================================================================
*                           HDL Synthesis                               *
=========================================================================

Synthesizing Unit <nextPC>.
    Related source file is "C:\Users\lyt\Documents\project\co\p5\mips\cpu\datapath\component\nextPC.v".
    Found 32-bit adder for signal <PCAdd4> created at line 35.
    Found 32-bit adder for signal <PCAdd8> created at line 36.
    Found 32-bit adder for signal <BrPC> created at line 40.
    Summary:
	inferred   3 Adder/Subtractor(s).
	inferred   3 Multiplexer(s).
Unit <nextPC> synthesized.

=========================================================================
HDL Synthesis Report

Macro Statistics
# Adders/Subtractors                                   : 3
 32-bit adder                                          : 3
# Multiplexers                                         : 3
 32-bit 2-to-1 multiplexer                             : 3

=========================================================================

=========================================================================
*                       Advanced HDL Synthesis                          *
=========================================================================


=========================================================================
Advanced HDL Synthesis Report

Macro Statistics
# Adders/Subtractors                                   : 3
 32-bit adder                                          : 3
# Multiplexers                                         : 3
 32-bit 2-to-1 multiplexer                             : 3

=========================================================================

=========================================================================
*                         Low Level Synthesis                           *
=========================================================================

Optimizing unit <nextPC> ...

Mapping all equations...
Building and optimizing final netlist ...
Found area constraint ratio of 100 (+ 5) on block nextPC, actual ratio is 0.

Final Macro Processing ...

=========================================================================
Final Register Report

Found no macro
=========================================================================

=========================================================================
*                           Partition Report                            *
=========================================================================

Partition Implementation Status
-------------------------------

  No Partitions were found in this design.

-------------------------------

=========================================================================
*                            Design Summary                             *
=========================================================================

Top Level Output File Name         : nextPC.ngc

Primitive and Black Box Usage:
------------------------------
# BELS                             : 324
#      GND                         : 1
#      INV                         : 2
#      LUT1                        : 57
#      LUT2                        : 30
#      LUT3                        : 26
#      LUT4                        : 2
#      LUT5                        : 26
#      LUT6                        : 4
#      MUXCY                       : 86
#      VCC                         : 1
#      XORCY                       : 89
# IO Buffers                       : 173
#      IBUF                        : 109
#      OBUF                        : 64

Device utilization summary:
---------------------------

Selected Device : 7a200tfbg484-3 


Slice Logic Utilization: 
 Number of Slice LUTs:                  147  out of  134600     0%  
    Number used as Logic:               147  out of  134600     0%  

Slice Logic Distribution: 
 Number of LUT Flip Flop pairs used:    147
   Number with an unused Flip Flop:     147  out of    147   100%  
   Number with an unused LUT:             0  out of    147     0%  
   Number of fully used LUT-FF pairs:     0  out of    147     0%  
   Number of unique control sets:         0

IO Utilization: 
 Number of IOs:                         173
 Number of bonded IOBs:                 173  out of    285    60%  

Specific Feature Utilization:

---------------------------
Partition Resource Summary:
---------------------------

  No Partitions were found in this design.

---------------------------


=========================================================================
Timing Report

NOTE: THESE TIMING NUMBERS ARE ONLY A SYNTHESIS ESTIMATE.
      FOR ACCURATE TIMING INFORMATION PLEASE REFER TO THE TRACE REPORT
      GENERATED AFTER PLACE-and-ROUTE.

Clock Information:
------------------
No clock signals found in this design

Asynchronous Control Signals Information:
----------------------------------------
No asynchronous control signals found in this design

Timing Summary:
---------------
Speed Grade: -3

   Minimum period: No path found
   Minimum input arrival time before clock: No path found
   Maximum output required time after clock: No path found
   Maximum combinational path delay: 3.617ns

Timing Details:
---------------
All values displayed in nanoseconds (ns)

=========================================================================
Timing constraint: Default path analysis
  Total number of paths / destination ports: 10977 / 64
-------------------------------------------------------------------------
Delay:               3.617ns (Levels of Logic = 36)
  Source:            curPC<2> (PAD)
  Destination:       NPC<31> (PAD)

  Data Path: curPC<2> to NPC<31>
                                Gate     Net
    Cell:in->out      fanout   Delay   Delay  Logical Name (Net Name)
    ----------------------------------------  ------------
     IBUF:I->O             2   0.001   0.283  curPC_2_IBUF (curPC_2_IBUF)
     INV:I->O              1   0.113   0.000  Madd_PCAdd4_lut<2>_INV_0 (Madd_PCAdd4_lut<2>)
     MUXCY:S->O            1   0.353   0.000  Madd_PCAdd4_cy<2> (Madd_PCAdd4_cy<2>)
     MUXCY:CI->O           1   0.023   0.000  Madd_PCAdd4_cy<3> (Madd_PCAdd4_cy<3>)
     MUXCY:CI->O           1   0.023   0.000  Madd_PCAdd4_cy<4> (Madd_PCAdd4_cy<4>)
     MUXCY:CI->O           1   0.023   0.000  Madd_PCAdd4_cy<5> (Madd_PCAdd4_cy<5>)
     MUXCY:CI->O           1   0.023   0.000  Madd_PCAdd4_cy<6> (Madd_PCAdd4_cy<6>)
     MUXCY:CI->O           1   0.023   0.000  Madd_PCAdd4_cy<7> (Madd_PCAdd4_cy<7>)
     MUXCY:CI->O           1   0.023   0.000  Madd_PCAdd4_cy<8> (Madd_PCAdd4_cy<8>)
     MUXCY:CI->O           1   0.023   0.000  Madd_PCAdd4_cy<9> (Madd_PCAdd4_cy<9>)
     MUXCY:CI->O           1   0.023   0.000  Madd_PCAdd4_cy<10> (Madd_PCAdd4_cy<10>)
     MUXCY:CI->O           1   0.023   0.000  Madd_PCAdd4_cy<11> (Madd_PCAdd4_cy<11>)
     MUXCY:CI->O           1   0.023   0.000  Madd_PCAdd4_cy<12> (Madd_PCAdd4_cy<12>)
     MUXCY:CI->O           1   0.023   0.000  Madd_PCAdd4_cy<13> (Madd_PCAdd4_cy<13>)
     MUXCY:CI->O           1   0.023   0.000  Madd_PCAdd4_cy<14> (Madd_PCAdd4_cy<14>)
     MUXCY:CI->O           1   0.023   0.000  Madd_PCAdd4_cy<15> (Madd_PCAdd4_cy<15>)
     MUXCY:CI->O           1   0.023   0.000  Madd_PCAdd4_cy<16> (Madd_PCAdd4_cy<16>)
     MUXCY:CI->O           1   0.023   0.000  Madd_PCAdd4_cy<17> (Madd_PCAdd4_cy<17>)
     MUXCY:CI->O           1   0.023   0.000  Madd_PCAdd4_cy<18> (Madd_PCAdd4_cy<18>)
     MUXCY:CI->O           1   0.023   0.000  Madd_PCAdd4_cy<19> (Madd_PCAdd4_cy<19>)
     MUXCY:CI->O           1   0.023   0.000  Madd_PCAdd4_cy<20> (Madd_PCAdd4_cy<20>)
     MUXCY:CI->O           1   0.023   0.000  Madd_PCAdd4_cy<21> (Madd_PCAdd4_cy<21>)
     MUXCY:CI->O           1   0.023   0.000  Madd_PCAdd4_cy<22> (Madd_PCAdd4_cy<22>)
     MUXCY:CI->O           1   0.023   0.000  Madd_PCAdd4_cy<23> (Madd_PCAdd4_cy<23>)
     MUXCY:CI->O           1   0.023   0.000  Madd_PCAdd4_cy<24> (Madd_PCAdd4_cy<24>)
     MUXCY:CI->O           1   0.023   0.000  Madd_PCAdd4_cy<25> (Madd_PCAdd4_cy<25>)
     MUXCY:CI->O           1   0.023   0.000  Madd_PCAdd4_cy<26> (Madd_PCAdd4_cy<26>)
     MUXCY:CI->O           1   0.023   0.000  Madd_PCAdd4_cy<27> (Madd_PCAdd4_cy<27>)
     MUXCY:CI->O           1   0.023   0.000  Madd_PCAdd4_cy<28> (Madd_PCAdd4_cy<28>)
     MUXCY:CI->O           1   0.023   0.000  Madd_PCAdd4_cy<29> (Madd_PCAdd4_cy<29>)
     XORCY:CI->O           2   0.370   0.383  Madd_PCAdd4_xor<30> (PCAdd4<30>)
     LUT2:I0->O            1   0.097   0.000  Madd_BrPC_lut<30> (Madd_BrPC_lut<30>)
     MUXCY:S->O            0   0.353   0.000  Madd_BrPC_cy<30> (Madd_BrPC_cy<30>)
     XORCY:CI->O           1   0.370   0.295  Madd_BrPC_xor<31> (BrPC<31>)
     LUT6:I5->O            1   0.097   0.279  NPC<31>1 (NPC_31_OBUF)
     OBUF:I->O                 0.000          NPC_31_OBUF (NPC<31>)
    ----------------------------------------
    Total                      3.617ns (2.375ns logic, 1.242ns route)
                                       (65.7% logic, 34.3% route)

=========================================================================

Cross Clock Domains Report:
--------------------------

=========================================================================


Total REAL time to Xst completion: 11.00 secs
Total CPU time to Xst completion: 11.32 secs
 
--> 

Total memory usage is 4654228 kilobytes

Number of errors   :    0 (   0 filtered)
Number of warnings :    0 (   0 filtered)
Number of infos    :    0 (   0 filtered)

