Release 14.7 - xst P.20131013 (nt64)
Copyright (c) 1995-2013 Xilinx, Inc.  All rights reserved.
--> Parameter TMPDIR set to xst/projnav.tmp


Total REAL time to Xst completion: 1.00 secs
Total CPU time to Xst completion: 0.13 secs
 
--> Parameter xsthdpdir set to xst


Total REAL time to Xst completion: 1.00 secs
Total CPU time to Xst completion: 0.13 secs
 
--> Reading design: Branch_Control.prj

TABLE OF CONTENTS
  1) Synthesis Options Summary
  2) HDL Parsing
  3) HDL Elaboration
  4) HDL Synthesis
       4.1) HDL Synthesis Report
  5) Advanced HDL Synthesis
       5.1) Advanced HDL Synthesis Report
  6) Low Level Synthesis
  7) Partition Report
  8) Design Summary
       8.1) Primitive and Black Box Usage
       8.2) Device utilization summary
       8.3) Partition Resource Summary
       8.4) Timing Report
            8.4.1) Clock Information
            8.4.2) Asynchronous Control Signals Information
            8.4.3) Timing Summary
            8.4.4) Timing Details
            8.4.5) Cross Clock Domains Report


=========================================================================
*                      Synthesis Options Summary                        *
=========================================================================
---- Source Parameters
Input File Name                    : "Branch_Control.prj"
Ignore Synthesis Constraint File   : NO

---- Target Parameters
Output File Name                   : "Branch_Control"
Output Format                      : NGC
Target Device                      : xc7a200t-3-fbg484

---- Source Options
Top Module Name                    : Branch_Control
Automatic FSM Extraction           : YES
FSM Encoding Algorithm             : Auto
Safe Implementation                : No
FSM Style                          : LUT
RAM Extraction                     : Yes
RAM Style                          : Auto
ROM Extraction                     : Yes
Shift Register Extraction          : YES
ROM Style                          : Auto
Resource Sharing                   : YES
Asynchronous To Synchronous        : NO
Shift Register Minimum Size        : 2
Use DSP Block                      : Auto
Automatic Register Balancing       : No

---- Target Options
LUT Combining                      : Auto
Reduce Control Sets                : Auto
Add IO Buffers                     : YES
Global Maximum Fanout              : 100000
Add Generic Clock Buffer(BUFG)     : 16
Register Duplication               : YES
Optimize Instantiated Primitives   : NO
Use Clock Enable                   : Auto
Use Synchronous Set                : Auto
Use Synchronous Reset              : Auto
Pack IO Registers into IOBs        : Auto
Equivalent register Removal        : YES

---- General Options
Optimization Goal                  : Speed
Optimization Effort                : 1
Power Reduction                    : NO
Keep Hierarchy                     : No
Netlist Hierarchy                  : As_Optimized
RTL Output                         : Yes
Global Optimization                : AllClockNets
Read Cores                         : YES
Write Timing Constraints           : NO
Cross Clock Analysis               : NO
Hierarchy Separator                : /
Bus Delimiter                      : <>
Case Specifier                     : Maintain
Slice Utilization Ratio            : 100
BRAM Utilization Ratio             : 100
DSP48 Utilization Ratio            : 100
Auto BRAM Packing                  : NO
Slice Utilization Ratio Delta      : 5

=========================================================================


=========================================================================
*                          HDL Parsing                                  *
=========================================================================
Analyzing Verilog file "C:\Users\lyt\Documents\project\co\p6\mips\cpu\datapath\component\Branch_Control.v" into library work
Parsing verilog file "C:\Users\lyt\Documents\project\co\p6\mips\cpu\datapath\component\/..\..\define.v" included at line 1.
WARNING:HDLCompiler:572 - "C:\Users\lyt\Documents\project\co\p6\mips\cpu\datapath\component\/..\..\define.v" Line 48: Macro <functADD> is redefined.
Parsing module <Branch_Control>.

=========================================================================
*                            HDL Elaboration                            *
=========================================================================

Elaborating module <Branch_Control>.
WARNING:HDLCompiler:413 - "C:\Users\lyt\Documents\project\co\p6\mips\cpu\datapath\component\Branch_Control.v" Line 31: Result of 32-bit expression is truncated to fit in 1-bit target.

=========================================================================
*                           HDL Synthesis                               *
=========================================================================

Synthesizing Unit <Branch_Control>.
    Related source file is "C:\Users\lyt\Documents\project\co\p6\mips\cpu\datapath\component\Branch_Control.v".
    Summary:
	inferred   7 Multiplexer(s).
Unit <Branch_Control> synthesized.

=========================================================================
HDL Synthesis Report

Macro Statistics
# Multiplexers                                         : 7
 32-bit 2-to-1 multiplexer                             : 7
# Xors                                                 : 1
 32-bit xor2                                           : 1

=========================================================================

=========================================================================
*                       Advanced HDL Synthesis                          *
=========================================================================


=========================================================================
Advanced HDL Synthesis Report

Macro Statistics
# Multiplexers                                         : 7
 32-bit 2-to-1 multiplexer                             : 7
# Xors                                                 : 1
 32-bit xor2                                           : 1

=========================================================================

=========================================================================
*                         Low Level Synthesis                           *
=========================================================================

Optimizing unit <Branch_Control> ...

Mapping all equations...
Building and optimizing final netlist ...
Found area constraint ratio of 100 (+ 5) on block Branch_Control, actual ratio is 0.

Final Macro Processing ...

=========================================================================
Final Register Report

Found no macro
=========================================================================

=========================================================================
*                           Partition Report                            *
=========================================================================

Partition Implementation Status
-------------------------------

  No Partitions were found in this design.

-------------------------------

=========================================================================
*                            Design Summary                             *
=========================================================================

Top Level Output File Name         : Branch_Control.ngc

Primitive and Black Box Usage:
------------------------------
# BELS                             : 34
#      GND                         : 1
#      LUT4                        : 2
#      LUT6                        : 19
#      MUXCY                       : 11
#      VCC                         : 1
# IO Buffers                       : 77
#      IBUF                        : 76
#      OBUF                        : 1

Device utilization summary:
---------------------------

Selected Device : 7a200tfbg484-3 


Slice Logic Utilization: 
 Number of Slice LUTs:                   21  out of  134600     0%  
    Number used as Logic:                21  out of  134600     0%  

Slice Logic Distribution: 
 Number of LUT Flip Flop pairs used:     21
   Number with an unused Flip Flop:      21  out of     21   100%  
   Number with an unused LUT:             0  out of     21     0%  
   Number of fully used LUT-FF pairs:     0  out of     21     0%  
   Number of unique control sets:         0

IO Utilization: 
 Number of IOs:                          77
 Number of bonded IOBs:                  77  out of    285    27%  

Specific Feature Utilization:

---------------------------
Partition Resource Summary:
---------------------------

  No Partitions were found in this design.

---------------------------


=========================================================================
Timing Report

NOTE: THESE TIMING NUMBERS ARE ONLY A SYNTHESIS ESTIMATE.
      FOR ACCURATE TIMING INFORMATION PLEASE REFER TO THE TRACE REPORT
      GENERATED AFTER PLACE-and-ROUTE.

Clock Information:
------------------
No clock signals found in this design

Asynchronous Control Signals Information:
----------------------------------------
No asynchronous control signals found in this design

Timing Summary:
---------------
Speed Grade: -3

   Minimum period: No path found
   Minimum input arrival time before clock: No path found
   Maximum output required time after clock: No path found
   Maximum combinational path delay: 2.734ns

Timing Details:
---------------
All values displayed in nanoseconds (ns)

=========================================================================
Timing constraint: Default path analysis
  Total number of paths / destination ports: 112 / 1
-------------------------------------------------------------------------
Delay:               2.734ns (Levels of Logic = 6)
  Source:            RD1<25> (PAD)
  Destination:       Br (PAD)

  Data Path: RD1<25> to Br
                                Gate     Net
    Cell:in->out      fanout   Delay   Delay  Logical Name (Net Name)
    ----------------------------------------  ------------
     IBUF:I->O             2   0.001   0.697  RD1_25_IBUF (RD1_25_IBUF)
     LUT6:I0->O            1   0.097   0.693  n0050<0>2 (n0050<0>1)
     LUT6:I0->O            1   0.097   0.379  n0050<0>7 (n0050<0>6)
     LUT6:I4->O            1   0.097   0.295  n0050<0>8 (n0050<0>7)
     LUT6:I5->O            1   0.097   0.279  n0050<0>10 (Br_OBUF)
     OBUF:I->O                 0.000          Br_OBUF (Br)
    ----------------------------------------
    Total                      2.734ns (0.389ns logic, 2.345ns route)
                                       (14.2% logic, 85.8% route)

=========================================================================

Cross Clock Domains Report:
--------------------------

=========================================================================


Total REAL time to Xst completion: 9.00 secs
Total CPU time to Xst completion: 8.28 secs
 
--> 

Total memory usage is 4654276 kilobytes

Number of errors   :    0 (   0 filtered)
Number of warnings :    2 (   0 filtered)
Number of infos    :    0 (   0 filtered)

